C51 COMPILER V9.59.0.0   I2C                                                               05/06/2025 21:08:19 PAGE 1   


C51 COMPILER V9.59.0.0, COMPILATION OF MODULE I2C
OBJECT MODULE PLACED IN .\Objects\i2c.obj
COMPILER INVOKED BY: D:\Keil_v5\C51\BIN\C51.EXE driver\src\i2c.c OPTIMIZE(8,SPEED) BROWSE INCDIR(.\driver\inc;.\device\i
                    -nc;.\user) DEBUG OBJECTEXTEND PRINT(.\Listings\i2c.lst) OBJECT(.\Objects\i2c.obj)

line level    source

   1          #include "i2c.h"
   2          #include "intrins.h"
   3          #define DELAY_TIME      5
   4          sbit scl = P2 ^ 0;
   5          sbit sda = P2 ^ 1;
   6          
   7          /**
   8           * @brief è¯¥å‡½æ•°ç”¨äºäº§ç”ŸæŒ‡å®šæ¬¡æ•°çš„çŸ­å»¶æ—¶ï¼Œé€‚ç”¨äºI2Cæ€»çº¿é€šä¿¡ä¸­çš„æ—¶åºæ§åˆ¶ã€‚
   9           * 
  10           * @param n å»¶æ—¶å¾ªç¯çš„æ¬¡æ•°ï¼Œæ¯æ¬¡å¾ªç¯åŒ…å«15ä¸ª_nop_()ç©ºæ“ä½œæŒ‡ä»¤ã€‚
  11           */
  12          static void I2C_Delay(unsigned char n)
  13          {
  14   1          do {
  15   2              _nop_();_nop_();_nop_();_nop_();_nop_();
  16   2              _nop_();_nop_();_nop_();_nop_();_nop_();
  17   2              _nop_();_nop_();_nop_();_nop_();_nop_();                
  18   2          }
  19   1          while(n--);         
  20   1      }
  21          
  22          
  23          /**
  24           * @brief è¯¥å‡½æ•°ç”¨äºå‘èµ·I2Cæ€»çº¿é€šä¿¡çš„èµ·å§‹ä¿¡å·ã€‚
  25           * 
  26           * I2Cæ€»çº¿çš„èµ·å§‹ä¿¡å·å®šä¹‰ä¸ºï¼šåœ¨SCLçº¿ä¸ºé«˜ç”µå¹³æ—¶ï¼ŒSDAçº¿ç”±é«˜ç”µå¹³å˜ä¸ºä½ç”µå¹³ã€‚
  27           * é€šè¿‡è®¾ç½®SDAå’ŒSCLçº¿çš„ç”µå¹³ï¼Œå¹¶è¿›è¡Œé€‚å½“çš„å»¶æ—¶ï¼Œæ¥äº§ç”Ÿç¬¦åˆI2Cåè®®çš„èµ·å§‹ä¿¡å·ã
             -€‚
  28           * 
  29           * @return æ— 
  30           */
  31          //
  32          void I2CStart(void)
  33          {
  34   1          sda = 1;
  35   1          scl = 1;
  36   1              I2C_Delay(DELAY_TIME);
  37   1          sda = 0;
  38   1              I2C_Delay(DELAY_TIME);
  39   1          scl = 0;    
  40   1      }
  41          
  42          //
  43          void I2CStop(void)
  44          {
  45   1          sda = 0;
  46   1          scl = 1;
  47   1              I2C_Delay(DELAY_TIME);
  48   1          sda = 1;
  49   1              I2C_Delay(DELAY_TIME);
  50   1      }
  51          
  52          //
  53          void I2CSendByte(unsigned char byt)
C51 COMPILER V9.59.0.0   I2C                                                               05/06/2025 21:08:19 PAGE 2   

  54          {
  55   1          unsigned char i;
  56   1              
  57   1          for(i=0; i<8; i++) {
  58   2              scl = 0;
  59   2                      I2C_Delay(DELAY_TIME);
  60   2              if(byt & 0x80){
  61   3                  sda = 1;
  62   3              }
  63   2              else{
  64   3                  sda = 0;
  65   3              }
  66   2                      I2C_Delay(DELAY_TIME);
  67   2              scl = 1;
  68   2              byt <<= 1;
  69   2                      I2C_Delay(DELAY_TIME);
  70   2          }
  71   1          scl = 0;  
  72   1      }
  73          
  74          //
  75          unsigned char I2CReceiveByte(void)
  76          {
  77   1              unsigned char da;
  78   1              unsigned char i;
  79   1              for(i=0;i<8;i++){   
  80   2                      scl = 1;
  81   2                      I2C_Delay(DELAY_TIME);
  82   2                      da <<= 1;
  83   2                      if(sda) 
  84   2                              da |= 0x01;
  85   2                      scl = 0;
  86   2                      I2C_Delay(DELAY_TIME);
  87   2              }
  88   1              return da;    
  89   1      }
  90          
  91          //
  92          unsigned char I2CWaitAck(void)
  93          {
  94   1              unsigned char ackbit;
  95   1              
  96   1          scl = 1;
  97   1              I2C_Delay(DELAY_TIME);
  98   1          ackbit = sda; 
  99   1          scl = 0;
 100   1              I2C_Delay(DELAY_TIME);
 101   1              
 102   1              return ackbit;
 103   1      }
 104          
 105          //
 106          void I2CSendAck(unsigned char ackbit)
 107          {
 108   1          scl = 0;
 109   1          sda = ackbit; 
 110   1              I2C_Delay(DELAY_TIME);
 111   1          scl = 1;
 112   1              I2C_Delay(DELAY_TIME);
 113   1          scl = 0; 
 114   1              sda = 1;
 115   1              I2C_Delay(DELAY_TIME);
C51 COMPILER V9.59.0.0   I2C                                                               05/06/2025 21:08:19 PAGE 3   

 116   1      }


MODULE INFORMATION:   STATIC OVERLAYABLE
   CODE SIZE        =    186    ----
   CONSTANT SIZE    =   ----    ----
   XDATA SIZE       =   ----    ----
   PDATA SIZE       =   ----    ----
   DATA SIZE        =   ----    ----
   IDATA SIZE       =   ----    ----
   BIT SIZE         =   ----    ----
END OF MODULE INFORMATION.


C51 COMPILATION COMPLETE.  0 WARNING(S),  0 ERROR(S)
